0 info it worked if it ends with ok
1 verbose cli [ 'C:\\Program Files\\nodejs\\node.exe',
1 verbose cli   'C:\\Program Files\\nodejs\\node_modules\\npm\\bin\\npm-cli.js',
1 verbose cli   'start' ]
2 info using npm@3.10.10
3 info using node@v6.11.5
4 verbose run-script [ 'prestart', 'start', 'poststart' ]
5 info lifecycle timportfolio@1.0.0~prestart: timportfolio@1.0.0
6 silly lifecycle timportfolio@1.0.0~prestart: no script for prestart, continuing
7 info lifecycle timportfolio@1.0.0~start: timportfolio@1.0.0
8 verbose lifecycle timportfolio@1.0.0~start: unsafe-perm in lifecycle true
9 verbose lifecycle timportfolio@1.0.0~start: PATH: C:\Program Files\nodejs\node_modules\npm\bin\node-gyp-bin;C:\Users\Son Dambi\Documents\Repos\myportfolio\node_modules\.bin;C:\Program Files\Git\mingw64\bin;C:\Program Files\Git\usr\bin;C:\Users\Son Dambi\bin;C:\Program Files (x86)\Intel\iCLS Client;C:\Program Files\Intel\iCLS Client;C:\WINDOWS\system32;C:\WINDOWS;C:\WINDOWS\System32\Wbem;C:\WINDOWS\System32\WindowsPowerShell\v1.0;C:\Program Files (x86)\Intel\Intel(R) Management Engine Components\DAL;C:\Program Files\Intel\Intel(R) Management Engine Components\DAL;C:\Program Files (x86)\Intel\Intel(R) Management Engine Components\IPT;C:\Program Files\Intel\Intel(R) Management Engine Components\IPT;C:\Program Files\Intel\WiFi\bin;C:\Program Files\Common Files\Intel\WirelessCommon;C:\Program Files\Git\cmd;C:\Program Files\nodejs;C:\Program Files\MongoDB\Server\3.6\bin;C:\Users\Son Dambi\AppData\Local\Microsoft\WindowsApps;C:\Program Files\Heroku\bin;C:\Users\Son Dambi\AppData\Roaming\npm;C:\Program Files\Microsoft VS Code\bin
10 verbose lifecycle timportfolio@1.0.0~start: CWD: C:\Users\Son Dambi\Documents\Repos\myportfolio
11 silly lifecycle timportfolio@1.0.0~start: Args: [ '/d /s /c', 'node index' ]
12 silly lifecycle timportfolio@1.0.0~start: Returned: code: 1  signal: null
13 info lifecycle timportfolio@1.0.0~start: Failed to exec start script
14 verbose stack Error: timportfolio@1.0.0 start: `node index`
14 verbose stack Exit status 1
14 verbose stack     at EventEmitter.<anonymous> (C:\Program Files\nodejs\node_modules\npm\lib\utils\lifecycle.js:255:16)
14 verbose stack     at emitTwo (events.js:106:13)
14 verbose stack     at EventEmitter.emit (events.js:191:7)
14 verbose stack     at ChildProcess.<anonymous> (C:\Program Files\nodejs\node_modules\npm\lib\utils\spawn.js:40:14)
14 verbose stack     at emitTwo (events.js:106:13)
14 verbose stack     at ChildProcess.emit (events.js:191:7)
14 verbose stack     at maybeClose (internal/child_process.js:920:16)
14 verbose stack     at Process.ChildProcess._handle.onexit (internal/child_process.js:230:5)
15 verbose pkgid timportfolio@1.0.0
16 verbose cwd C:\Users\Son Dambi\Documents\Repos\myportfolio
17 error Windows_NT 10.0.16299
18 error argv "C:\\Program Files\\nodejs\\node.exe" "C:\\Program Files\\nodejs\\node_modules\\npm\\bin\\npm-cli.js" "start"
19 error node v6.11.5
20 error npm  v3.10.10
21 error code ELIFECYCLE
22 error timportfolio@1.0.0 start: `node index`
22 error Exit status 1
23 error Failed at the timportfolio@1.0.0 start script 'node index'.
23 error Make sure you have the latest version of node.js and npm installed.
23 error If you do, this is most likely a problem with the timportfolio package,
23 error not with npm itself.
23 error Tell the author that this fails on your system:
23 error     node index
23 error You can get information on how to open an issue for this project with:
23 error     npm bugs timportfolio
23 error Or if that isn't available, you can get their info via:
23 error     npm owner ls timportfolio
23 error There is likely additional logging output above.
24 verbose exit [ 1, true ]
